2025-02-04T09:47:14.751Z [info]: Server is running on http://localhost:6969
2025-02-04T10:08:01.287Z [info]: POST /api/v1/auth/login 200 - User: Guest - Response Time: 3451.834 ms
2025-02-04T10:09:36.604Z [info]: POST /api/v1/auth/login 200 - User: Guest - Response Time: 1082.564 ms
2025-02-04T10:10:11.484Z [info]: GET /api/v1/user/get-all-user 500 - User: admin - Response Time: 1872.974 ms
2025-02-04T10:10:24.772Z [info]: GET /api/v1/user/get-all-user 500 - User: admin - Response Time: 808.098 ms
2025-02-04T10:11:38.307Z [info]: Server is running on http://localhost:6969
2025-02-04T10:11:49.696Z [info]: GET /api/v1/user/get-all-user 500 - User: admin - Response Time: 3758.521 ms
2025-02-04T10:13:38.244Z [info]: Server is running on http://localhost:6969
2025-02-04T10:13:42.461Z [info]: GET /api/v1/user/get-all-user 500 - User: admin - Response Time: 3515.129 ms
2025-02-04T10:13:49.542Z [info]: GET /api/v1/user/get-all-user 500 - User: admin - Response Time: 805.416 ms
2025-02-04T10:13:56.320Z [info]: Server is running on http://localhost:6969
2025-02-04T10:14:21.817Z [info]: Server is running on http://localhost:6969
2025-02-04T10:14:27.696Z [info]: GET /api/v1/user/get-all-user 200 - User: admin - Response Time: 3455.740 ms
2025-02-04T10:14:50.600Z [info]: Server is running on http://localhost:6969
2025-02-04T10:17:17.676Z [info]: GET /api/v1/institution/get-all-institution 200 - User: admin - Response Time: 2354.809 ms
2025-02-04T10:18:21.451Z [info]: POST /api/v1/obligation/create-report 400 - User: admin - Response Time: 4.448 ms
2025-02-04T10:19:04.895Z [info]: POST /api/v1/obligation/create-report 400 - User: admin - Response Time: 3.024 ms
2025-02-04T10:21:00.683Z [info]: Server is running on http://localhost:6969
2025-02-04T10:21:28.750Z [info]: POST /api/v1/obligation/create-report 404 - User: admin - Response Time: 4440.158 ms
2025-02-04T10:22:27.395Z [info]: POST /api/v1/obligation/create-report 500 - User: admin - Response Time: 12025.236 ms
2025-02-04T10:22:48.768Z [info]: Server is running on http://localhost:6969
2025-02-04T10:23:01.672Z [info]: POST /api/v1/obligation/create-report 500 - User: admin - Response Time: 9329.253 ms
2025-02-04T10:26:04.856Z [info]: Server is running on http://localhost:6969
2025-02-04T10:26:20.195Z [info]: Server is running on http://localhost:6969
2025-02-04T10:26:36.694Z [info]: POST /api/v1/obligation/create-report 500 - User: admin - Response Time: 13110.608 ms
2025-02-04T10:27:01.130Z [info]: GET /api/v1/obligation/get-all-reports 200 - User: admin - Response Time: 794.518 ms
2025-02-04T10:28:10.987Z [info]: Server is running on http://localhost:6969
2025-02-04T10:28:17.865Z [info]: Server is running on http://localhost:6969
2025-02-04T10:28:43.460Z [info]: Server is running on http://localhost:6969
2025-02-04T10:28:49.030Z [info]: GET /api/v1/obligation/get-all-reports 200 - User: admin - Response Time: 2893.262 ms
2025-02-04T10:29:07.116Z [info]: POST /api/v1/obligation/create-report 500 - User: admin - Response Time: 11919.866 ms
2025-02-04T10:29:24.445Z [info]: Server is running on http://localhost:6969
2025-02-04T10:29:28.724Z [info]: Server is running on http://localhost:6969
2025-02-04T10:29:45.203Z [info]: POST /api/v1/obligation/create-report 201 - User: admin - Response Time: 13957.753 ms
2025-02-04T10:32:25.552Z [info]: POST /api/v1/obligation/create-report 201 - User: admin - Response Time: 9766.007 ms
2025-02-04T10:35:07.384Z [info]: Server is running on http://localhost:6969
2025-02-04T10:36:00.566Z [info]: Server is running on http://localhost:6969
2025-02-04T10:36:21.454Z [info]: Server is running on http://localhost:6969
2025-02-04T10:41:08.202Z [info]: Server is running on http://localhost:6969
2025-02-04T10:42:39.077Z [info]: Server is running on http://localhost:6969
2025-02-04T10:46:08.589Z [info]: Server is running on http://localhost:6969
2025-02-04T12:47:25.671Z [info]: Server is running on http://localhost:6969
2025-02-04T12:47:47.221Z [info]: Server is running on http://localhost:6969
2025-02-04T13:00:12.232Z [info]: Server is running on http://localhost:6969
2025-02-04T13:11:38.044Z [info]: Server is running on http://localhost:6969
2025-02-04T13:11:46.458Z [info]: Server is running on http://localhost:6969
2025-02-04T13:11:57.222Z [info]: Server is running on http://localhost:6969
2025-02-04T13:12:26.577Z [info]: Server is running on http://localhost:6969
2025-02-04T13:12:44.051Z [info]: Server is running on http://localhost:6969
2025-02-04T13:12:52.024Z [info]: Server is running on http://localhost:6969
2025-02-04T13:13:13.268Z [info]: Server is running on http://localhost:6969
2025-02-04T13:13:50.025Z [info]: Server is running on http://localhost:6969
